app/build/intermediates/manifest_merge_blame_file/debug/processDebugMainManifest/manifest-merger-blame-debug-report.txt
1<?xml version="1.0" encoding="utf-8"?>
2<manifest xmlns:android="http://schemas.android.com/apk/res/android"
3    package="com.jiesa.xvideocatcher"
4    android:versionCode="10"
5    android:versionName="1.0.0" >
6
7    <uses-sdk
8        android:minSdkVersion="28"
9        android:targetSdkVersion="35" />
10
11    <!--
12      No permissions are declared, deliberately.
13
14      All work happens inside X's process, so downloads run under X's own INTERNET permission and
15      files are written through MediaStore, which needs no permission for media a caller creates.
16      Declaring INTERNET or WRITE_EXTERNAL_STORAGE here would grant this APK capabilities it never
17      exercises, since it has no runnable component of its own.
18    -->
19    <application
19-->src/main/AndroidManifest.xml:13:5-50:19
20        android:allowBackup="false"
20-->src/main/AndroidManifest.xml:14:9-36
21        android:debuggable="true"
22        android:extractNativeLibs="false"
23        android:icon="@android:drawable/ic_menu_save"
23-->src/main/AndroidManifest.xml:15:9-54
24        android:label="@string/app_name"
24-->src/main/AndroidManifest.xml:16:9-41
25        android:supportsRtl="true" >
25-->src/main/AndroidManifest.xml:17:9-35
26
27        <!--
28          There is no activity and no service. The APK is a payload for LSPosed to load into X,
29          nothing more: tapping its launcher icon would have nothing to show, so no launcher entry
30          is declared either.
31        -->
32
33
34        <!-- Read by LSPosed to decide whether to load this APK at all. -->
35        <meta-data
35-->src/main/AndroidManifest.xml:26:9-28:36
36            android:name="xposedmodule"
36-->src/main/AndroidManifest.xml:27:13-40
37            android:value="true" />
37-->src/main/AndroidManifest.xml:28:13-33
38        <meta-data
38-->src/main/AndroidManifest.xml:30:9-32:72
39            android:name="xposeddescription"
39-->src/main/AndroidManifest.xml:31:13-45
40            android:value="Adds a download entry to X&apos;s share sheet" />
40-->src/main/AndroidManifest.xml:32:13-69
41
42        <!--
43          Minimum Xposed API this module needs. 82 is the level that introduced the hook APIs used
44          here; LSPosed reports 93+, so this is a floor rather than a target.
45        -->
46        <meta-data
46-->src/main/AndroidManifest.xml:38:9-40:34
47            android:name="xposedminversion"
47-->src/main/AndroidManifest.xml:39:13-44
48            android:value="82" />
48-->src/main/AndroidManifest.xml:40:13-31
49
50        <!--
51          Scope hint: LSPosed pre-selects X when the module is enabled, so the user does not have
52          to find the right app in a list of everything installed.
53        -->
54        <meta-data
54-->src/main/AndroidManifest.xml:46:9-48:54
55            android:name="xposedscope"
55-->src/main/AndroidManifest.xml:47:13-39
56            android:resource="@array/xposed_scope" />
56-->src/main/AndroidManifest.xml:48:13-51
57    </application>
58
59</manifest>